<?xml version="1.0" encoding="UTF-8"?>
<!-- Generated by org.testng.reporters.JUnitXMLReporter -->
<testsuite ignored="2" hostname="HP" failures="0" tests="3" name="Test" time="0.048" errors="0" timestamp="2023-07-02T11:24:55 IST">
  <testcase classname="TestNGPrograms.testng1" name="testcase1" time="0.008"/>
  <testcase classname="TestNGPrograms.testng1" name="testcase2" time="0.001"/>
  <testcase classname="TestNGPrograms.testng1" name="testcase3" time="0.001"/>
  <testcase classname="TestNGPrograms.testng1" name="showpagedetails" time="0.0">
    <ignored/>
  </testcase> <!-- showpagedetails -->
  <testcase classname="TestNGPrograms.testng1" name="showdetails" time="0.0">
    <ignored/>
  </testcase> <!-- showdetails -->
</testsuite> <!-- Test -->
