<?xml version="1.0" encoding="UTF-8"?>
<!-- Generated by org.testng.reporters.JUnitXMLReporter -->
<testsuite ignored="0" hostname="HP" failures="0" tests="8" name="Test" time="0.064" errors="0" timestamp="2023-06-17T18:37:38 IST">
  <testcase classname="TestNGPrograms.InvocationCount" name="testcase1" time="0.006"/>
  <testcase classname="TestNGPrograms.InvocationCount" name="testcase1" time="0.002"/>
  <testcase classname="TestNGPrograms.InvocationCount" name="testcase1" time="0.002"/>
  <testcase classname="TestNGPrograms.InvocationCount" name="testcase1" time="0.001"/>
  <testcase classname="TestNGPrograms.InvocationCount" name="testcase1" time="0.001"/>
  <testcase classname="TestNGPrograms.InvocationCount" name="testcase1" time="0.001"/>
  <testcase classname="TestNGPrograms.InvocationCount" name="testcase1" time="0.001"/>
  <testcase classname="TestNGPrograms.InvocationCount" name="testcase2" time="0.002"/>
</testsuite> <!-- Test -->
