<?xml version="1.0" encoding="UTF-8"?>
<testng-results ignored="0" total="9" passed="8" failed="1" skipped="0">
  <reporter-output>
  </reporter-output>
  <suite started-at="2023-07-02T17:24:32 IST" name="Default suite" finished-at="2023-07-02T17:24:33 IST" duration-ms="136">
    <groups>
    </groups>
    <test started-at="2023-07-02T17:24:32 IST" name="Default test" finished-at="2023-07-02T17:24:33 IST" duration-ms="136">
      <class name="TestNGPrograms.testng1">
        <test-method is-config="true" signature="beforeclassmethod()[pri:0, instance:TestNGPrograms.testng1@62379589]" started-at="2023-07-02T17:24:32 IST" name="beforeclassmethod" finished-at="2023-07-02T17:24:32 IST" duration-ms="13" status="PASS">
          <reporter-output>
          </reporter-output>
        </test-method> <!-- beforeclassmethod -->
        <test-method is-config="true" signature="testcase1()[pri:0, instance:TestNGPrograms.testng1@62379589]" started-at="2023-07-02T17:24:32 IST" name="testcase1" finished-at="2023-07-02T17:24:32 IST" duration-ms="1" status="PASS">
          <reporter-output>
          </reporter-output>
        </test-method> <!-- testcase1 -->
        <test-method signature="Assstcase3()[pri:0, instance:TestNGPrograms.testng1@62379589]" started-at="2023-07-02T17:24:32 IST" name="Assstcase3" finished-at="2023-07-02T17:24:32 IST" duration-ms="8" status="PASS">
          <reporter-output>
          </reporter-output>
        </test-method> <!-- Assstcase3 -->
        <test-method is-config="true" signature="testcase1()[pri:0, instance:TestNGPrograms.testng1@62379589]" started-at="2023-07-02T17:24:32 IST" name="testcase1" finished-at="2023-07-02T17:24:32 IST" duration-ms="1" status="PASS">
          <reporter-output>
          </reporter-output>
        </test-method> <!-- testcase1 -->
        <test-method signature="Assstcase3()[pri:0, instance:TestNGPrograms.testng1@62379589]" started-at="2023-07-02T17:24:32 IST" name="Assstcase3" finished-at="2023-07-02T17:24:32 IST" duration-ms="1" status="PASS">
          <reporter-output>
          </reporter-output>
        </test-method> <!-- Assstcase3 -->
        <test-method is-config="true" signature="testcase1()[pri:0, instance:TestNGPrograms.testng1@62379589]" started-at="2023-07-02T17:24:32 IST" name="testcase1" finished-at="2023-07-02T17:24:32 IST" duration-ms="1" status="PASS">
          <reporter-output>
          </reporter-output>
        </test-method> <!-- testcase1 -->
        <test-method signature="Assstcase3()[pri:0, instance:TestNGPrograms.testng1@62379589]" started-at="2023-07-02T17:24:32 IST" name="Assstcase3" finished-at="2023-07-02T17:24:32 IST" duration-ms="1" status="PASS">
          <reporter-output>
          </reporter-output>
        </test-method> <!-- Assstcase3 -->
        <test-method signature="Assstcase3()[pri:0, instance:TestNGPrograms.testng1@62379589]" started-at="2023-07-02T17:24:32 IST" name="Assstcase3" finished-at="2023-07-02T17:24:32 IST" duration-ms="2" status="PASS">
          <reporter-output>
          </reporter-output>
        </test-method> <!-- Assstcase3 -->
        <test-method is-config="true" signature="testcase1()[pri:0, instance:TestNGPrograms.testng1@62379589]" started-at="2023-07-02T17:24:32 IST" name="testcase1" finished-at="2023-07-02T17:24:32 IST" duration-ms="0" status="PASS">
          <reporter-output>
          </reporter-output>
        </test-method> <!-- testcase1 -->
        <test-method is-config="true" signature="testcase1()[pri:0, instance:TestNGPrograms.testng1@62379589]" started-at="2023-07-02T17:24:32 IST" name="testcase1" finished-at="2023-07-02T17:24:32 IST" duration-ms="1" status="PASS">
          <reporter-output>
          </reporter-output>
        </test-method> <!-- testcase1 -->
        <test-method signature="Assstcase3()[pri:0, instance:TestNGPrograms.testng1@62379589]" started-at="2023-07-02T17:24:32 IST" name="Assstcase3" finished-at="2023-07-02T17:24:32 IST" duration-ms="1" status="PASS">
          <reporter-output>
          </reporter-output>
        </test-method> <!-- Assstcase3 -->
        <test-method signature="fail()[pri:0, instance:TestNGPrograms.testng1@62379589]" started-at="2023-07-02T17:24:32 IST" name="fail" finished-at="2023-07-02T17:24:32 IST" duration-ms="21" status="FAIL">
          <exception class="java.lang.AssertionError">
            <message>
              <![CDATA[expected [true] but found [false]]]>
            </message>
            <full-stacktrace>
              <![CDATA[java.lang.AssertionError: expected [true] but found [false]
at org.testng.Assert.fail(Assert.java:110)
at org.testng.Assert.failNotEquals(Assert.java:1577)
at org.testng.Assert.assertTrue(Assert.java:56)
at org.testng.Assert.assertTrue(Assert.java:66)
at TestNGPrograms.testng1.fail(testng1.java:79)
at java.base/jdk.internal.reflect.NativeMethodAccessorImpl.invoke0(Native Method)
at java.base/jdk.internal.reflect.NativeMethodAccessorImpl.invoke(NativeMethodAccessorImpl.java:77)
at java.base/jdk.internal.reflect.DelegatingMethodAccessorImpl.invoke(DelegatingMethodAccessorImpl.java:43)
at java.base/java.lang.reflect.Method.invoke(Method.java:568)
at org.testng.internal.invokers.MethodInvocationHelper.invokeMethod(MethodInvocationHelper.java:139)
at org.testng.internal.invokers.TestInvoker.invokeMethod(TestInvoker.java:677)
at org.testng.internal.invokers.TestInvoker.invokeTestMethod(TestInvoker.java:221)
at org.testng.internal.invokers.MethodRunner.runInSequence(MethodRunner.java:50)
at org.testng.internal.invokers.TestInvoker$MethodInvocationAgent.invoke(TestInvoker.java:969)
at org.testng.internal.invokers.TestInvoker.invokeTestMethods(TestInvoker.java:194)
at org.testng.internal.invokers.TestMethodWorker.invokeTestMethods(TestMethodWorker.java:148)
at org.testng.internal.invokers.TestMethodWorker.run(TestMethodWorker.java:128)
at java.base/java.util.ArrayList.forEach(ArrayList.java:1511)
at org.testng.TestRunner.privateRun(TestRunner.java:829)
at org.testng.TestRunner.run(TestRunner.java:602)
at org.testng.SuiteRunner.runTest(SuiteRunner.java:437)
at org.testng.SuiteRunner.runSequentially(SuiteRunner.java:431)
at org.testng.SuiteRunner.privateRun(SuiteRunner.java:391)
at org.testng.SuiteRunner.run(SuiteRunner.java:330)
at org.testng.SuiteRunnerWorker.runSuite(SuiteRunnerWorker.java:52)
at org.testng.SuiteRunnerWorker.run(SuiteRunnerWorker.java:95)
at org.testng.TestNG.runSuitesSequentially(TestNG.java:1256)
at org.testng.TestNG.runSuitesLocally(TestNG.java:1176)
at org.testng.TestNG.runSuites(TestNG.java:1099)
at org.testng.TestNG.run(TestNG.java:1067)
at org.testng.remote.AbstractRemoteTestNG.run(AbstractRemoteTestNG.java:115)
at org.testng.remote.RemoteTestNG.initAndRun(RemoteTestNG.java:251)
at org.testng.remote.RemoteTestNG.main(RemoteTestNG.java:77)
]]>
            </full-stacktrace>
          </exception> <!-- java.lang.AssertionError -->
          <reporter-output>
          </reporter-output>
        </test-method> <!-- fail -->
        <test-method is-config="true" signature="testcase1()[pri:0, instance:TestNGPrograms.testng1@62379589]" started-at="2023-07-02T17:24:32 IST" name="testcase1" finished-at="2023-07-02T17:24:32 IST" duration-ms="0" status="PASS">
          <reporter-output>
          </reporter-output>
        </test-method> <!-- testcase1 -->
        <test-method is-config="true" signature="testcase1()[pri:0, instance:TestNGPrograms.testng1@62379589]" started-at="2023-07-02T17:24:33 IST" name="testcase1" finished-at="2023-07-02T17:24:33 IST" duration-ms="1" status="PASS">
          <reporter-output>
          </reporter-output>
        </test-method> <!-- testcase1 -->
        <test-method signature="showdetails()[pri:0, instance:TestNGPrograms.testng1@62379589]" started-at="2023-07-02T17:24:33 IST" name="showdetails" finished-at="2023-07-02T17:24:33 IST" duration-ms="1" status="PASS">
          <reporter-output>
          </reporter-output>
        </test-method> <!-- showdetails -->
        <test-method is-config="true" signature="testcase1()[pri:0, instance:TestNGPrograms.testng1@62379589]" started-at="2023-07-02T17:24:33 IST" name="testcase1" finished-at="2023-07-02T17:24:33 IST" duration-ms="1" status="PASS">
          <reporter-output>
          </reporter-output>
        </test-method> <!-- testcase1 -->
        <test-method signature="suceess()[pri:0, instance:TestNGPrograms.testng1@62379589]" started-at="2023-07-02T17:24:33 IST" name="suceess" finished-at="2023-07-02T17:24:33 IST" duration-ms="2" status="PASS">
          <reporter-output>
          </reporter-output>
        </test-method> <!-- suceess -->
        <test-method signature="testcase2()[pri:1, instance:TestNGPrograms.testng1@62379589]" started-at="2023-07-02T17:24:33 IST" name="testcase2" finished-at="2023-07-02T17:24:33 IST" duration-ms="2" status="PASS">
          <reporter-output>
          </reporter-output>
        </test-method> <!-- testcase2 -->
        <test-method is-config="true" signature="testcase1()[pri:0, instance:TestNGPrograms.testng1@62379589]" started-at="2023-07-02T17:24:33 IST" name="testcase1" finished-at="2023-07-02T17:24:33 IST" duration-ms="0" status="PASS">
          <reporter-output>
          </reporter-output>
        </test-method> <!-- testcase1 -->
      </class> <!-- TestNGPrograms.testng1 -->
    </test> <!-- Default test -->
  </suite> <!-- Default suite -->
</testng-results>
